<?xml version="1.0" encoding="UTF-8"?>
<testsuite xmlns:xsi="http://www.w3.org/2001/XMLSchema-instance" xsi:noNamespaceSchemaLocation="https://maven.apache.org/surefire/maven-surefire-plugin/xsd/surefire-test-report-3.0.xsd" version="3.0" name="runner.TestRunner" time="8.312" tests="3" errors="0" skipped="0" failures="0">
  <properties>
[...]
</properties>
  <testcase name="runScenario[&quot;Buy a SwagLabs product successfully&quot;, &quot;Buy Product&quot;](1)" classname="runner.TestRunner" time="3.366">
    <system-out><![CDATA[
@End2End
Scenario Outline: Buy a SwagLabs product successfully                                    # src/test/resources/features/BuyProduct.feature:14
*******************Chromium*******************
/////////////////https://www.saucedemo.com//////////////////
/////////////////Chromium/////////////////
  Given User launched SwagLabs application                                               # stepdefinitions.steps.user_launched_swaglabs_application()
  When User logged in the app using username "standard_user" and password "secret_sauce" # stepdefinitions.steps.user_logged_in_the_app_using_username_and_password(java.lang.String,java.lang.String)
  And User adds "Sauce Labs Fleece Jacket" product to the cart                           # stepdefinitions.steps.user_adds_product_to_the_cart(java.lang.String)
  And User enters Checkout details with "Ashish", "Ghosh", "1181"                        # stepdefinitions.steps.user_enters_Checkout_details_with(java.lang.String,java.lang.String,java.lang.String)
  And User completes Checkout process                                                    # stepdefinitions.steps.user_completes_checkout_process()
  Then User should get the Confirmation of Order                                         # stepdefinitions.steps.user_should_get_the_Confirmation_of_Order()
]]></system-out>
    <system-err><![CDATA[log4j:WARN No appenders could be found for logger (org.testng.internal.Graph).
log4j:WARN Please initialize the log4j system properly.
log4j:WARN See http://logging.apache.org/log4j/1.2/faq.html#noconfig for more info.
]]></system-err>
  </testcase>
  <testcase name="runScenario[&quot;Login to SwagLabs Application with Correct credentials&quot;, &quot;Login&quot;](2)" classname="runner.TestRunner" time="1.885">
    <system-out><![CDATA[
Scenario Outline: Login to SwagLabs Application with Correct credentials                 # src/test/resources/features/Login.feature:10
*******************Chromium*******************
/////////////////https://www.saucedemo.com//////////////////
/////////////////Chromium/////////////////
  Given User launched SwagLabs application                                               # stepdefinitions.steps.user_launched_swaglabs_application()
  When User logged in the app using username "standard_user" and password "secret_sauce" # stepdefinitions.steps.user_logged_in_the_app_using_username_and_password(java.lang.String,java.lang.String)
  Then user should be able to log in                                                     # stepdefinitions.steps.logInSuccessful()
]]></system-out>
  </testcase>
  <testcase name="runScenario[&quot;Login to SwagLabs Application with Wrong credentials&quot;, &quot;Login&quot;](3)" classname="runner.TestRunner" time="1.925">
    <system-out><![CDATA[
@SmokeTest
Scenario Outline: Login to SwagLabs Application with Wrong credentials                     # src/test/resources/features/Login.feature:20
*******************Chromium*******************
/////////////////https://www.saucedemo.com//////////////////
/////////////////Chromium/////////////////
  Given User launched SwagLabs application                                                 # stepdefinitions.steps.user_launched_swaglabs_application()
  When User logged in the app using username "locked_out_user" and password "secret_sauce" # stepdefinitions.steps.user_logged_in_the_app_using_username_and_password(java.lang.String,java.lang.String)
  Then User should not get logged in                                                       # stepdefinitions.steps.logInFailed()
]]></system-out>
  </testcase>
</testsuite>